03/22 08:52:51 INFO   :..........rpapi_Reg_UnregFlow: ReadBuffer:  Entering

 
03/22 08:52:52 INFO   :..........rpapi_Reg_UnregFlow: ReadBuffer:  Exiting

 
03/22 08:52:52 INFO   :..........rpapi_Reg_UnregFlow: RSVPPutActionName:  Result = 0

 
03/22 08:52:52 INFO   :..........rpapi_Reg_UnregFlow: RSVPPutActionName:  Exiting

 
03/22 08:52:52 INFO   :..........rpapi_Reg_UnregFlow: flow[sess=9.67.116.99:1047:6, 


source=9.67.116.98:8000] registered with CLCat2

03/22 08:52:52 EVENT  :..........qosmgr_response: RESVRESP from qosmgr, reason=0, qoshandle=8b671d0

03/22 08:52:52 INFO   :..........qosmgr_response: src-9.67.116.98:8000 dst-9.67.116.99:1047 proto-6
03/22 08:52:52 TRACE  :...........traffic_reader: tc response msg=1, status=1
03/22 08:52:52 INFO   :...........traffic_reader: Reservation req successful[session=9.67.116.99:1047:6,
source=9.67.116.98:8000, qoshd=8b671d0]
1
1
2
3
4
5
6
7
8
9
1
2
3
4
5
6
7
8